{"timestamp":"2025-08-07 16:09:08","event":"Access denied","ip":"::1","user_agent":"curl\/8.7.1","uri":"\/booking2.php","method":"HEAD","data":{"message":"Invalid HTTP method","code":405,"ip":"::1","user_agent":"curl\/8.7.1","uri":"\/booking2.php"}}
{"timestamp":"2025-08-07 16:09:15","event":"Suspicious User-Agent","ip":"::1","user_agent":"curl\/8.7.1","uri":"\/booking2.php","method":"GET","data":{"user_agent":"curl\/8.7.1"}}
{"timestamp":"2025-08-07 16:24:36","event":"Suspicious User-Agent","ip":"::1","user_agent":"curl\/8.7.1","uri":"\/booking2.php","method":"GET","data":{"user_agent":"curl\/8.7.1"}}
{"timestamp":"2025-08-07 16:26:31","event":"Suspicious User-Agent","ip":"::1","user_agent":"curl\/8.7.1","uri":"\/booking2.php","method":"GET","data":{"user_agent":"curl\/8.7.1"}}
{"timestamp":"2025-08-07 16:35:31","event":"Suspicious User-Agent","ip":"::1","user_agent":"curl\/8.7.1","uri":"\/booking2.php","method":"GET","data":{"user_agent":"curl\/8.7.1"}}
{"timestamp":"2025-08-07 16:59:21","event":"Access denied","ip":"::1","user_agent":"curl\/8.7.1","uri":"\/booking2.php","method":"HEAD","data":{"message":"Invalid HTTP method","code":405,"ip":"::1","user_agent":"curl\/8.7.1","uri":"\/booking2.php"}}
{"timestamp":"2025-08-08 16:23:36","event":"Suspicious User-Agent","ip":"::1","user_agent":"curl\/8.7.1","uri":"\/booking3.php","method":"GET","data":{"user_agent":"curl\/8.7.1"}}
{"timestamp":"2025-08-08 16:25:36","event":"Suspicious User-Agent","ip":"127.0.0.1","user_agent":"","uri":"","method":"GET","data":{"user_agent":""}}
{"timestamp":"2025-08-10 23:45:39","event":"Access denied","ip":"::1","user_agent":"curl\/8.7.1","uri":"\/booking3.php","method":"HEAD","data":{"message":"Invalid HTTP method","code":405,"ip":"::1","user_agent":"curl\/8.7.1","uri":"\/booking3.php"}}
{"timestamp":"2025-08-10 23:46:24","event":"Access denied","ip":"::1","user_agent":"Mozilla\/5.0 (Macintosh; Intel Mac OS X 10_15_7) AppleWebKit\/537.36 (KHTML, like Gecko) Code\/1.102.0 Chrome\/134.0.6998.205 Electron\/35.6.0 Safari\/537.36","uri":"\/api\/stripe-checkout.php","method":"POST","data":{"message":"CSRF token validation failed","code":419,"ip":"::1","user_agent":"Mozilla\/5.0 (Macintosh; Intel Mac OS X 10_15_7) AppleWebKit\/537.36 (KHTML, like Gecko) Code\/1.102.0 Chrome\/134.0.6998.205 Electron\/35.6.0 Safari\/537.36","uri":"\/api\/stripe-checkout.php"}}
{"timestamp":"2025-08-10 23:48:30","event":"Access denied","ip":"::1","user_agent":"Mozilla\/5.0 (Macintosh; Intel Mac OS X 10_15_7) AppleWebKit\/537.36 (KHTML, like Gecko) Code\/1.102.0 Chrome\/134.0.6998.205 Electron\/35.6.0 Safari\/537.36","uri":"\/api\/stripe-checkout.php","method":"POST","data":{"message":"CSRF token validation failed","code":419,"ip":"::1","user_agent":"Mozilla\/5.0 (Macintosh; Intel Mac OS X 10_15_7) AppleWebKit\/537.36 (KHTML, like Gecko) Code\/1.102.0 Chrome\/134.0.6998.205 Electron\/35.6.0 Safari\/537.36","uri":"\/api\/stripe-checkout.php"}}
{"timestamp":"2025-08-10 23:53:25","event":"Suspicious User-Agent","ip":"::1","user_agent":"curl\/8.7.1","uri":"\/api\/stripe-checkout.php","method":"POST","data":{"user_agent":"curl\/8.7.1"}}
{"timestamp":"2025-08-10 23:53:25","event":"Access denied","ip":"::1","user_agent":"curl\/8.7.1","uri":"\/api\/stripe-checkout.php","method":"POST","data":{"message":"CSRF token validation failed","code":419,"ip":"::1","user_agent":"curl\/8.7.1","uri":"\/api\/stripe-checkout.php"}}
{"timestamp":"2025-08-10 23:54:17","event":"Suspicious User-Agent","ip":"::1","user_agent":"curl\/8.7.1","uri":"\/api\/stripe-checkout.php","method":"POST","data":{"user_agent":"curl\/8.7.1"}}
{"timestamp":"2025-08-10 23:54:17","event":"Access denied","ip":"::1","user_agent":"curl\/8.7.1","uri":"\/api\/stripe-checkout.php","method":"POST","data":{"message":"CSRF token validation failed","code":419,"ip":"::1","user_agent":"curl\/8.7.1","uri":"\/api\/stripe-checkout.php"}}
{"timestamp":"2025-08-10 23:58:15","event":"Suspicious User-Agent","ip":"::1","user_agent":"curl\/8.7.1","uri":"\/api\/stripe-checkout.php","method":"POST","data":{"user_agent":"curl\/8.7.1"}}
{"timestamp":"2025-08-10 23:58:15","event":"Access denied","ip":"::1","user_agent":"curl\/8.7.1","uri":"\/api\/stripe-checkout.php","method":"POST","data":{"message":"CSRF token validation failed","code":419,"ip":"::1","user_agent":"curl\/8.7.1","uri":"\/api\/stripe-checkout.php"}}
{"timestamp":"2025-08-10 23:59:16","event":"Suspicious User-Agent","ip":"::1","user_agent":"curl\/8.7.1","uri":"\/api\/stripe-checkout.php","method":"GET","data":{"user_agent":"curl\/8.7.1"}}
{"timestamp":"2025-08-11 00:04:59","event":"Suspicious User-Agent","ip":"::1","user_agent":"curl\/8.7.1","uri":"\/api\/stripe-checkout.php","method":"POST","data":{"user_agent":"curl\/8.7.1"}}
{"timestamp":"2025-08-11 00:04:59","event":"Access denied","ip":"::1","user_agent":"curl\/8.7.1","uri":"\/api\/stripe-checkout.php","method":"POST","data":{"message":"CSRF token validation failed","code":419,"ip":"::1","user_agent":"curl\/8.7.1","uri":"\/api\/stripe-checkout.php"}}
{"timestamp":"2025-08-11 00:06:11","event":"Access denied","ip":"127.0.0.1","user_agent":"","uri":"","method":"","data":{"message":"Invalid HTTP method","code":405,"ip":"127.0.0.1","user_agent":"","uri":""}}
{"timestamp":"2025-08-11 18:52:24","event":"Access denied","ip":"127.0.0.1","user_agent":"","uri":"","method":"","data":{"message":"Invalid HTTP method","code":405,"ip":"127.0.0.1","user_agent":"","uri":""}}
{"timestamp":"2025-08-12 00:15:40","event":"Suspicious User-Agent","ip":"::1","user_agent":"curl\/8.7.1","uri":"\/","method":"GET","data":{"user_agent":"curl\/8.7.1"}}
{"timestamp":"2025-08-12 00:20:29","event":"Suspicious User-Agent","ip":"::1","user_agent":"curl\/8.7.1","uri":"\/","method":"GET","data":{"user_agent":"curl\/8.7.1"}}
{"timestamp":"2025-08-12 00:20:55","event":"Suspicious User-Agent","ip":"::1","user_agent":"curl\/8.7.1","uri":"\/","method":"GET","data":{"user_agent":"curl\/8.7.1"}}
{"timestamp":"2025-08-12 00:22:59","event":"Suspicious User-Agent","ip":"::1","user_agent":"curl\/8.7.1","uri":"\/","method":"GET","data":{"user_agent":"curl\/8.7.1"}}
{"timestamp":"2025-08-12 00:25:13","event":"Suspicious User-Agent","ip":"::1","user_agent":"curl\/8.7.1","uri":"\/?v=1754958313","method":"GET","data":{"user_agent":"curl\/8.7.1"}}
{"timestamp":"2025-08-12 10:29:59","event":"Suspicious User-Agent","ip":"::1","user_agent":"curl\/8.7.1","uri":"\/booking3.php","method":"GET","data":{"user_agent":"curl\/8.7.1"}}
{"timestamp":"2025-08-12 16:26:55","event":"Suspicious User-Agent","ip":"::1","user_agent":"curl\/8.7.1","uri":"\/booking3.php","method":"GET","data":{"user_agent":"curl\/8.7.1"}}
